Thu Mar 19 18:06:48 BRT 2015 : Apache Derby Network Server - 10.10.2.0 - (1582446) started and ready to accept connections on port 1527
----------------------------------------------------------------
Thu Mar 19 18:06:48 BRT 2015:
Booting Derby version The Apache Software Foundation - Apache Derby - 10.10.2.0 - (1582446): instance a816c00e-014c-33db-b113-0000225e3500 
on database directory /Users/cstipkovic/Documents/Projects/github/cstipkovic/Academic-Works/programming-language-2/lab/aula5/db_sistema_ingresso/sistema_ingresso with class loader sun.misc.Launcher$AppClassLoader@5451c3a8 
Loaded from file:/Applications/NetBeans/glassfish-4.1/javadb/lib/derby.jar
java.vendor=Oracle Corporation
java.runtime.version=1.8.0_31-b13
user.dir=/Applications/NetBeans/glassfish-4.1/javadb
os.name=Mac OS X
os.arch=x86_64
os.version=10.10.2
derby.system.home=/Users/cstipkovic/Documents/Projects/github/cstipkovic/Academic-Works/programming-language-2/lab/aula5/db_sistema_ingresso
Database Class Loader started - derby.database.classpath=''
----------------------------------------------------------------
Thu Mar 19 21:25:36 BRT 2015:
Booting Derby version The Apache Software Foundation - Apache Derby - 10.10.2.0 - (1582446): instance 6302404f-014c-33db-b113-0000225e3500 
on database directory /Users/cstipkovic/Documents/Projects/github/cstipkovic/Academic-Works/programming-language-2/lab/aula5/db_sistema_ingresso/teste with class loader sun.misc.Launcher$AppClassLoader@5451c3a8 
Loaded from file:/Applications/NetBeans/glassfish-4.1/javadb/lib/derby.jar
java.vendor=Oracle Corporation
java.runtime.version=1.8.0_31-b13
user.dir=/Applications/NetBeans/glassfish-4.1/javadb
os.name=Mac OS X
os.arch=x86_64
os.version=10.10.2
derby.system.home=/Users/cstipkovic/Documents/Projects/github/cstipkovic/Academic-Works/programming-language-2/lab/aula5/db_sistema_ingresso
Database Class Loader started - derby.database.classpath=''
----------------------------------------------------------------
Thu Mar 19 21:25:37 BRT 2015:
Shutting down instance 6302404f-014c-33db-b113-0000225e3500 on database directory /Users/cstipkovic/Documents/Projects/github/cstipkovic/Academic-Works/programming-language-2/lab/aula5/db_sistema_ingresso/teste with class loader sun.misc.Launcher$AppClassLoader@5451c3a8 
Thu Mar 19 21:25:37 BRT 2015 Thread[DRDAConnThread_4,5,main] (DATABASE = teste), (DRDAID = {5}), Database 'teste' shutdown.
----------------------------------------------------------------
Thu Mar 19 21:25:42 BRT 2015:
Booting Derby version The Apache Software Foundation - Apache Derby - 10.10.2.0 - (1582446): instance 3ad9c0eb-014c-33db-b113-0000225e3500 
on database directory /Users/cstipkovic/Documents/Projects/github/cstipkovic/Academic-Works/programming-language-2/lab/aula5/db_sistema_ingresso/teste with class loader sun.misc.Launcher$AppClassLoader@5451c3a8 
Loaded from file:/Applications/NetBeans/glassfish-4.1/javadb/lib/derby.jar
java.vendor=Oracle Corporation
java.runtime.version=1.8.0_31-b13
user.dir=/Applications/NetBeans/glassfish-4.1/javadb
os.name=Mac OS X
os.arch=x86_64
os.version=10.10.2
derby.system.home=/Users/cstipkovic/Documents/Projects/github/cstipkovic/Academic-Works/programming-language-2/lab/aula5/db_sistema_ingresso
Database Class Loader started - derby.database.classpath=''
Thu Mar 19 22:27:52 BRT 2015 Thread[DRDAConnThread_4,5,main] Cleanup action starting
java.sql.SQLException: Database 'sistema_bancario' not found.
	at org.apache.derby.impl.jdbc.SQLExceptionFactory40.getSQLException(Unknown Source)
	at org.apache.derby.impl.jdbc.Util.newEmbedSQLException(Unknown Source)
	at org.apache.derby.impl.jdbc.Util.newEmbedSQLException(Unknown Source)
	at org.apache.derby.impl.jdbc.Util.generateCsSQLException(Unknown Source)
	at org.apache.derby.impl.jdbc.EmbedConnection.newSQLException(Unknown Source)
	at org.apache.derby.impl.jdbc.EmbedConnection.handleDBNotFound(Unknown Source)
	at org.apache.derby.impl.jdbc.EmbedConnection.<init>(Unknown Source)
	at org.apache.derby.impl.jdbc.EmbedConnection40.<init>(Unknown Source)
	at org.apache.derby.jdbc.Driver40.getNewEmbedConnection(Unknown Source)
	at org.apache.derby.jdbc.InternalDriver.connect(Unknown Source)
	at org.apache.derby.jdbc.Driver20.connect(Unknown Source)
	at org.apache.derby.jdbc.EmbeddedDriver.connect(Unknown Source)
	at org.apache.derby.impl.drda.Database.makeConnection(Unknown Source)
	at org.apache.derby.impl.drda.DRDAConnThread.getConnFromDatabaseName(Unknown Source)
	at org.apache.derby.impl.drda.DRDAConnThread.verifyUserIdPassword(Unknown Source)
	at org.apache.derby.impl.drda.DRDAConnThread.parseSECCHK(Unknown Source)
	at org.apache.derby.impl.drda.DRDAConnThread.parseDRDAConnection(Unknown Source)
	at org.apache.derby.impl.drda.DRDAConnThread.processCommands(Unknown Source)
	at org.apache.derby.impl.drda.DRDAConnThread.run(Unknown Source)
Caused by: java.sql.SQLException: Database 'sistema_bancario' not found.
	at org.apache.derby.impl.jdbc.SQLExceptionFactory.getSQLException(Unknown Source)
	at org.apache.derby.impl.jdbc.SQLExceptionFactory40.wrapArgsForTransportAcrossDRDA(Unknown Source)
	... 19 more
============= begin nested exception, level (1) ===========
java.sql.SQLException: Database 'sistema_bancario' not found.
	at org.apache.derby.impl.jdbc.SQLExceptionFactory.getSQLException(Unknown Source)
	at org.apache.derby.impl.jdbc.SQLExceptionFactory40.wrapArgsForTransportAcrossDRDA(Unknown Source)
	at org.apache.derby.impl.jdbc.SQLExceptionFactory40.getSQLException(Unknown Source)
	at org.apache.derby.impl.jdbc.Util.newEmbedSQLException(Unknown Source)
	at org.apache.derby.impl.jdbc.Util.newEmbedSQLException(Unknown Source)
	at org.apache.derby.impl.jdbc.Util.generateCsSQLException(Unknown Source)
	at org.apache.derby.impl.jdbc.EmbedConnection.newSQLException(Unknown Source)
	at org.apache.derby.impl.jdbc.EmbedConnection.handleDBNotFound(Unknown Source)
	at org.apache.derby.impl.jdbc.EmbedConnection.<init>(Unknown Source)
	at org.apache.derby.impl.jdbc.EmbedConnection40.<init>(Unknown Source)
	at org.apache.derby.jdbc.Driver40.getNewEmbedConnection(Unknown Source)
	at org.apache.derby.jdbc.InternalDriver.connect(Unknown Source)
	at org.apache.derby.jdbc.Driver20.connect(Unknown Source)
	at org.apache.derby.jdbc.EmbeddedDriver.connect(Unknown Source)
	at org.apache.derby.impl.drda.Database.makeConnection(Unknown Source)
	at org.apache.derby.impl.drda.DRDAConnThread.getConnFromDatabaseName(Unknown Source)
	at org.apache.derby.impl.drda.DRDAConnThread.verifyUserIdPassword(Unknown Source)
	at org.apache.derby.impl.drda.DRDAConnThread.parseSECCHK(Unknown Source)
	at org.apache.derby.impl.drda.DRDAConnThread.parseDRDAConnection(Unknown Source)
	at org.apache.derby.impl.drda.DRDAConnThread.processCommands(Unknown Source)
	at org.apache.derby.impl.drda.DRDAConnThread.run(Unknown Source)
============= end nested exception, level (1) ===========
Cleanup action completed
Thu Mar 19 22:27:52 BRT 2015 Thread[DRDAConnThread_4,5,main] (DATABASE = sistema_bancario), (DRDAID = {7}), Database 'sistema_bancario' not found.
----------------------------------------------------------------
Thu Mar 19 22:49:55 BRT 2015: Shutting down Derby engine
----------------------------------------------------------------
Thu Mar 19 22:49:55 BRT 2015:
Shutting down instance 3ad9c0eb-014c-33db-b113-0000225e3500 on database directory /Users/cstipkovic/Documents/Projects/github/cstipkovic/Academic-Works/programming-language-2/lab/aula5/db_sistema_ingresso/teste with class loader sun.misc.Launcher$AppClassLoader@5451c3a8 
----------------------------------------------------------------
Thu Mar 19 22:49:55 BRT 2015:
Shutting down instance a816c00e-014c-33db-b113-0000225e3500 on database directory /Users/cstipkovic/Documents/Projects/github/cstipkovic/Academic-Works/programming-language-2/lab/aula5/db_sistema_ingresso/sistema_ingresso with class loader sun.misc.Launcher$AppClassLoader@5451c3a8 
----------------------------------------------------------------
