Fri Mar 06 19:18:32 BRT 2015 : Apache Derby Servidor de Rede - 10.10.1.3 - (1557168) iniciado e pronto para aceitar conexões na porta 1527 em {3}
----------------------------------------------------------------
Fri Mar 06 19:18:33 BRT 2015:
 Inicializando o Derby versão The Apache Software Foundation - Apache Derby - 10.10.1.3 - (1557168): instância a816c00e-014b-f12b-22a8-0000057fabae
no diretório de banco de dados E:\putOnGit\lp2-lab\aula4\db\sistema_bancario 

java.vendor=Oracle Corporation
java.runtime.version=1.8.0_25-b18
user.dir=C:\Program Files\Java\jdk1.8.0_25\db
os.name=Windows 7
os.arch=amd64
os.version=6.1
derby.system.home=E:\putOnGit\lp2-lab\aula4\db
Carregador de classe do banco de dados iniciado - derby.database.classpath=''
----------------------------------------------------------------
Fri Mar 06 19:18:52 BRT 2015:
Encerrando a instância a816c00e-014b-f12b-22a8-0000057fabae
Fri Mar 06 19:18:52 BRT 2015 Thread[DRDAConnThread_3,5,main] (DATABASE = sistema_bancario), (DRDAID = {2}), Banco de dados 'sistema_bancario' fechado.
----------------------------------------------------------------
Fri Mar 06 19:19:13 BRT 2015:
 Inicializando o Derby versão The Apache Software Foundation - Apache Derby - 10.10.1.3 - (1557168): instância ed8940a7-014b-f12b-22a8-0000057fabae
no diretório de banco de dados E:\putOnGit\lp2-lab\aula4\db\sistema_bancario 

java.vendor=Oracle Corporation
java.runtime.version=1.8.0_25-b18
user.dir=C:\Program Files\Java\jdk1.8.0_25\db
os.name=Windows 7
os.arch=amd64
os.version=6.1
derby.system.home=E:\putOnGit\lp2-lab\aula4\db
Carregador de classe do banco de dados iniciado - derby.database.classpath=''
----------------------------------------------------------------
Fri Mar 06 19:58:35 BRT 2015: Shutting down Derby engine
