Thu Mar 19 01:25:05 BRT 2015 : Apache Derby Network Server - 10.10.2.0 - (1582446) started and ready to accept connections on port 1527
----------------------------------------------------------------
Thu Mar 19 01:25:05 BRT 2015:
Booting Derby version The Apache Software Foundation - Apache Derby - 10.10.2.0 - (1582446): instance a816c00e-014c-3046-e2eb-ffffad60e9f6 
on database directory /Users/cstipkovic/Documents/Projects/github/cstipkovic/Academic-Works/programming-language-2/lab/aula5/db/sistema_bancario with class loader sun.misc.Launcher$AppClassLoader@5451c3a8 
Loaded from file:/Applications/NetBeans/glassfish-4.1/javadb/lib/derby.jar
java.vendor=Oracle Corporation
java.runtime.version=1.8.0_31-b13
user.dir=/Applications/NetBeans/glassfish-4.1/javadb
os.name=Mac OS X
os.arch=x86_64
os.version=10.10.2
derby.system.home=/Users/cstipkovic/Documents/Projects/github/cstipkovic/Academic-Works/programming-language-2/lab/aula5/db
Database Class Loader started - derby.database.classpath=''
----------------------------------------------------------------
Thu Mar 19 02:27:17 BRT 2015: Shutting down Derby engine
----------------------------------------------------------------
Thu Mar 19 02:27:17 BRT 2015:
Shutting down instance a816c00e-014c-3046-e2eb-ffffad60e9f6 on database directory /Users/cstipkovic/Documents/Projects/github/cstipkovic/Academic-Works/programming-language-2/lab/aula5/db/sistema_bancario with class loader sun.misc.Launcher$AppClassLoader@5451c3a8 
----------------------------------------------------------------
